<?xml version="1.0" encoding="UTF-8"?>
<testsuite xmlns:xsi="http://www.w3.org/2001/XMLSchema-instance" xsi:noNamespaceSchemaLocation="https://maven.apache.org/surefire/maven-surefire-plugin/xsd/surefire-test-report.xsd" name="com.example.springdemo.MyTest" time="6.926" tests="15" errors="0" skipped="0" failures="0">
  <properties>
    <property name="sun.desktop" value="windows"/>
    <property name="awt.toolkit" value="sun.awt.windows.WToolkit"/>
    <property name="file.encoding.pkg" value="sun.io"/>
    <property name="java.specification.version" value="1.8"/>
    <property name="sun.cpu.isalist" value="amd64"/>
    <property name="sun.jnu.encoding" value="GBK"/>
    <property name="java.class.path" value="C:\Users\17527\Documents\IdeaProjects\springdemo\target\test-classes;C:\Users\17527\Documents\IdeaProjects\springdemo\target\classes;E:\maven\repository\org\springframework\boot\spring-boot-starter-web\2.7.0\spring-boot-starter-web-2.7.0.jar;E:\maven\repository\org\springframework\boot\spring-boot-starter\2.7.0\spring-boot-starter-2.7.0.jar;E:\maven\repository\org\springframework\boot\spring-boot\2.7.0\spring-boot-2.7.0.jar;E:\maven\repository\org\springframework\boot\spring-boot-autoconfigure\2.7.0\spring-boot-autoconfigure-2.7.0.jar;E:\maven\repository\org\springframework\boot\spring-boot-starter-logging\2.7.0\spring-boot-starter-logging-2.7.0.jar;E:\maven\repository\ch\qos\logback\logback-classic\1.2.11\logback-classic-1.2.11.jar;E:\maven\repository\ch\qos\logback\logback-core\1.2.11\logback-core-1.2.11.jar;E:\maven\repository\org\apache\logging\log4j\log4j-to-slf4j\2.17.2\log4j-to-slf4j-2.17.2.jar;E:\maven\repository\org\apache\logging\log4j\log4j-api\2.17.2\log4j-api-2.17.2.jar;E:\maven\repository\org\slf4j\jul-to-slf4j\1.7.36\jul-to-slf4j-1.7.36.jar;E:\maven\repository\jakarta\annotation\jakarta.annotation-api\1.3.5\jakarta.annotation-api-1.3.5.jar;E:\maven\repository\org\yaml\snakeyaml\1.30\snakeyaml-1.30.jar;E:\maven\repository\org\springframework\boot\spring-boot-starter-json\2.7.0\spring-boot-starter-json-2.7.0.jar;E:\maven\repository\com\fasterxml\jackson\core\jackson-databind\2.13.3\jackson-databind-2.13.3.jar;E:\maven\repository\com\fasterxml\jackson\core\jackson-annotations\2.13.3\jackson-annotations-2.13.3.jar;E:\maven\repository\com\fasterxml\jackson\core\jackson-core\2.13.3\jackson-core-2.13.3.jar;E:\maven\repository\com\fasterxml\jackson\datatype\jackson-datatype-jdk8\2.13.3\jackson-datatype-jdk8-2.13.3.jar;E:\maven\repository\com\fasterxml\jackson\datatype\jackson-datatype-jsr310\2.13.3\jackson-datatype-jsr310-2.13.3.jar;E:\maven\repository\com\fasterxml\jackson\module\jackson-module-parameter-names\2.13.3\jackson-module-parameter-names-2.13.3.jar;E:\maven\repository\org\springframework\boot\spring-boot-starter-tomcat\2.7.0\spring-boot-starter-tomcat-2.7.0.jar;E:\maven\repository\org\apache\tomcat\embed\tomcat-embed-core\9.0.63\tomcat-embed-core-9.0.63.jar;E:\maven\repository\org\apache\tomcat\embed\tomcat-embed-el\9.0.63\tomcat-embed-el-9.0.63.jar;E:\maven\repository\org\apache\tomcat\embed\tomcat-embed-websocket\9.0.63\tomcat-embed-websocket-9.0.63.jar;E:\maven\repository\org\springframework\spring-web\5.3.20\spring-web-5.3.20.jar;E:\maven\repository\org\springframework\spring-beans\5.3.20\spring-beans-5.3.20.jar;E:\maven\repository\org\springframework\spring-webmvc\5.3.20\spring-webmvc-5.3.20.jar;E:\maven\repository\org\springframework\spring-aop\5.3.20\spring-aop-5.3.20.jar;E:\maven\repository\org\springframework\spring-context\5.3.20\spring-context-5.3.20.jar;E:\maven\repository\org\springframework\spring-expression\5.3.20\spring-expression-5.3.20.jar;E:\maven\repository\org\mybatis\spring\boot\mybatis-spring-boot-starter\2.3.0\mybatis-spring-boot-starter-2.3.0.jar;E:\maven\repository\org\springframework\boot\spring-boot-starter-jdbc\2.7.0\spring-boot-starter-jdbc-2.7.0.jar;E:\maven\repository\com\zaxxer\HikariCP\4.0.3\HikariCP-4.0.3.jar;E:\maven\repository\org\springframework\spring-jdbc\5.3.20\spring-jdbc-5.3.20.jar;E:\maven\repository\org\springframework\spring-tx\5.3.20\spring-tx-5.3.20.jar;E:\maven\repository\org\mybatis\spring\boot\mybatis-spring-boot-autoconfigure\2.3.0\mybatis-spring-boot-autoconfigure-2.3.0.jar;E:\maven\repository\org\mybatis\mybatis\3.5.9\mybatis-3.5.9.jar;E:\maven\repository\org\mybatis\mybatis-spring\2.0.5\mybatis-spring-2.0.5.jar;E:\maven\repository\mysql\mysql-connector-java\8.0.28\mysql-connector-java-8.0.28.jar;E:\maven\repository\junit\junit\4.13.2\junit-4.13.2.jar;E:\maven\repository\org\hamcrest\hamcrest-core\2.2\hamcrest-core-2.2.jar;E:\maven\repository\com\alibaba\fastjson2\fastjson2\2.0.25\fastjson2-2.0.25.jar;E:\maven\repository\org\slf4j\slf4j-log4j12\1.7.2\slf4j-log4j12-1.7.2.jar;E:\maven\repository\org\slf4j\slf4j-api\1.7.36\slf4j-api-1.7.36.jar;E:\maven\repository\log4j\log4j\1.2.17\log4j-1.2.17.jar;E:\maven\repository\org\springframework\boot\spring-boot-starter-test\2.7.0\spring-boot-starter-test-2.7.0.jar;E:\maven\repository\org\springframework\boot\spring-boot-test\2.7.0\spring-boot-test-2.7.0.jar;E:\maven\repository\org\springframework\boot\spring-boot-test-autoconfigure\2.7.0\spring-boot-test-autoconfigure-2.7.0.jar;E:\maven\repository\com\jayway\jsonpath\json-path\2.7.0\json-path-2.7.0.jar;E:\maven\repository\net\minidev\json-smart\2.4.8\json-smart-2.4.8.jar;E:\maven\repository\net\minidev\accessors-smart\2.4.8\accessors-smart-2.4.8.jar;E:\maven\repository\org\ow2\asm\asm\9.1\asm-9.1.jar;E:\maven\repository\jakarta\xml\bind\jakarta.xml.bind-api\2.3.3\jakarta.xml.bind-api-2.3.3.jar;E:\maven\repository\jakarta\activation\jakarta.activation-api\1.2.2\jakarta.activation-api-1.2.2.jar;E:\maven\repository\org\assertj\assertj-core\3.22.0\assertj-core-3.22.0.jar;E:\maven\repository\org\hamcrest\hamcrest\2.2\hamcrest-2.2.jar;E:\maven\repository\org\junit\jupiter\junit-jupiter\5.8.2\junit-jupiter-5.8.2.jar;E:\maven\repository\org\junit\jupiter\junit-jupiter-api\5.8.2\junit-jupiter-api-5.8.2.jar;E:\maven\repository\org\opentest4j\opentest4j\1.2.0\opentest4j-1.2.0.jar;E:\maven\repository\org\junit\platform\junit-platform-commons\1.8.2\junit-platform-commons-1.8.2.jar;E:\maven\repository\org\apiguardian\apiguardian-api\1.1.2\apiguardian-api-1.1.2.jar;E:\maven\repository\org\junit\jupiter\junit-jupiter-params\5.8.2\junit-jupiter-params-5.8.2.jar;E:\maven\repository\org\junit\jupiter\junit-jupiter-engine\5.8.2\junit-jupiter-engine-5.8.2.jar;E:\maven\repository\org\junit\platform\junit-platform-engine\1.8.2\junit-platform-engine-1.8.2.jar;E:\maven\repository\org\mockito\mockito-core\4.5.1\mockito-core-4.5.1.jar;E:\maven\repository\net\bytebuddy\byte-buddy\1.12.10\byte-buddy-1.12.10.jar;E:\maven\repository\net\bytebuddy\byte-buddy-agent\1.12.10\byte-buddy-agent-1.12.10.jar;E:\maven\repository\org\objenesis\objenesis\3.2\objenesis-3.2.jar;E:\maven\repository\org\mockito\mockito-junit-jupiter\4.5.1\mockito-junit-jupiter-4.5.1.jar;E:\maven\repository\org\skyscreamer\jsonassert\1.5.0\jsonassert-1.5.0.jar;E:\maven\repository\com\vaadin\external\google\android-json\0.0.20131108.vaadin1\android-json-0.0.20131108.vaadin1.jar;E:\maven\repository\org\springframework\spring-core\5.3.20\spring-core-5.3.20.jar;E:\maven\repository\org\springframework\spring-jcl\5.3.20\spring-jcl-5.3.20.jar;E:\maven\repository\org\springframework\spring-test\5.3.20\spring-test-5.3.20.jar;E:\maven\repository\org\xmlunit\xmlunit-core\2.9.0\xmlunit-core-2.9.0.jar;"/>
    <property name="java.vm.vendor" value="Oracle Corporation"/>
    <property name="sun.arch.data.model" value="64"/>
    <property name="user.variant" value=""/>
    <property name="java.vendor.url" value="http://java.oracle.com/"/>
    <property name="user.timezone" value="Asia/Shanghai"/>
    <property name="java.vm.specification.version" value="1.8"/>
    <property name="os.name" value="Windows 10"/>
    <property name="user.country" value="CN"/>
    <property name="sun.java.launcher" value="SUN_STANDARD"/>
    <property name="sun.boot.library.path" value="C:\Program Files\Java\jdk1.8.0_181\jre\bin"/>
    <property name="sun.java.command" value="C:\Users\17527\AppData\Local\Temp\surefire3364678393591468989\surefirebooter120367027131314423.jar C:\Users\17527\AppData\Local\Temp\surefire3364678393591468989 2023-06-29T17-59-47_285-jvmRun1 surefire5647401200083829898tmp surefire_07004327780308965476tmp"/>
    <property name="surefire.test.class.path" value="C:\Users\17527\Documents\IdeaProjects\springdemo\target\test-classes;C:\Users\17527\Documents\IdeaProjects\springdemo\target\classes;E:\maven\repository\org\springframework\boot\spring-boot-starter-web\2.7.0\spring-boot-starter-web-2.7.0.jar;E:\maven\repository\org\springframework\boot\spring-boot-starter\2.7.0\spring-boot-starter-2.7.0.jar;E:\maven\repository\org\springframework\boot\spring-boot\2.7.0\spring-boot-2.7.0.jar;E:\maven\repository\org\springframework\boot\spring-boot-autoconfigure\2.7.0\spring-boot-autoconfigure-2.7.0.jar;E:\maven\repository\org\springframework\boot\spring-boot-starter-logging\2.7.0\spring-boot-starter-logging-2.7.0.jar;E:\maven\repository\ch\qos\logback\logback-classic\1.2.11\logback-classic-1.2.11.jar;E:\maven\repository\ch\qos\logback\logback-core\1.2.11\logback-core-1.2.11.jar;E:\maven\repository\org\apache\logging\log4j\log4j-to-slf4j\2.17.2\log4j-to-slf4j-2.17.2.jar;E:\maven\repository\org\apache\logging\log4j\log4j-api\2.17.2\log4j-api-2.17.2.jar;E:\maven\repository\org\slf4j\jul-to-slf4j\1.7.36\jul-to-slf4j-1.7.36.jar;E:\maven\repository\jakarta\annotation\jakarta.annotation-api\1.3.5\jakarta.annotation-api-1.3.5.jar;E:\maven\repository\org\yaml\snakeyaml\1.30\snakeyaml-1.30.jar;E:\maven\repository\org\springframework\boot\spring-boot-starter-json\2.7.0\spring-boot-starter-json-2.7.0.jar;E:\maven\repository\com\fasterxml\jackson\core\jackson-databind\2.13.3\jackson-databind-2.13.3.jar;E:\maven\repository\com\fasterxml\jackson\core\jackson-annotations\2.13.3\jackson-annotations-2.13.3.jar;E:\maven\repository\com\fasterxml\jackson\core\jackson-core\2.13.3\jackson-core-2.13.3.jar;E:\maven\repository\com\fasterxml\jackson\datatype\jackson-datatype-jdk8\2.13.3\jackson-datatype-jdk8-2.13.3.jar;E:\maven\repository\com\fasterxml\jackson\datatype\jackson-datatype-jsr310\2.13.3\jackson-datatype-jsr310-2.13.3.jar;E:\maven\repository\com\fasterxml\jackson\module\jackson-module-parameter-names\2.13.3\jackson-module-parameter-names-2.13.3.jar;E:\maven\repository\org\springframework\boot\spring-boot-starter-tomcat\2.7.0\spring-boot-starter-tomcat-2.7.0.jar;E:\maven\repository\org\apache\tomcat\embed\tomcat-embed-core\9.0.63\tomcat-embed-core-9.0.63.jar;E:\maven\repository\org\apache\tomcat\embed\tomcat-embed-el\9.0.63\tomcat-embed-el-9.0.63.jar;E:\maven\repository\org\apache\tomcat\embed\tomcat-embed-websocket\9.0.63\tomcat-embed-websocket-9.0.63.jar;E:\maven\repository\org\springframework\spring-web\5.3.20\spring-web-5.3.20.jar;E:\maven\repository\org\springframework\spring-beans\5.3.20\spring-beans-5.3.20.jar;E:\maven\repository\org\springframework\spring-webmvc\5.3.20\spring-webmvc-5.3.20.jar;E:\maven\repository\org\springframework\spring-aop\5.3.20\spring-aop-5.3.20.jar;E:\maven\repository\org\springframework\spring-context\5.3.20\spring-context-5.3.20.jar;E:\maven\repository\org\springframework\spring-expression\5.3.20\spring-expression-5.3.20.jar;E:\maven\repository\org\mybatis\spring\boot\mybatis-spring-boot-starter\2.3.0\mybatis-spring-boot-starter-2.3.0.jar;E:\maven\repository\org\springframework\boot\spring-boot-starter-jdbc\2.7.0\spring-boot-starter-jdbc-2.7.0.jar;E:\maven\repository\com\zaxxer\HikariCP\4.0.3\HikariCP-4.0.3.jar;E:\maven\repository\org\springframework\spring-jdbc\5.3.20\spring-jdbc-5.3.20.jar;E:\maven\repository\org\springframework\spring-tx\5.3.20\spring-tx-5.3.20.jar;E:\maven\repository\org\mybatis\spring\boot\mybatis-spring-boot-autoconfigure\2.3.0\mybatis-spring-boot-autoconfigure-2.3.0.jar;E:\maven\repository\org\mybatis\mybatis\3.5.9\mybatis-3.5.9.jar;E:\maven\repository\org\mybatis\mybatis-spring\2.0.5\mybatis-spring-2.0.5.jar;E:\maven\repository\mysql\mysql-connector-java\8.0.28\mysql-connector-java-8.0.28.jar;E:\maven\repository\junit\junit\4.13.2\junit-4.13.2.jar;E:\maven\repository\org\hamcrest\hamcrest-core\2.2\hamcrest-core-2.2.jar;E:\maven\repository\com\alibaba\fastjson2\fastjson2\2.0.25\fastjson2-2.0.25.jar;E:\maven\repository\org\slf4j\slf4j-log4j12\1.7.2\slf4j-log4j12-1.7.2.jar;E:\maven\repository\org\slf4j\slf4j-api\1.7.36\slf4j-api-1.7.36.jar;E:\maven\repository\log4j\log4j\1.2.17\log4j-1.2.17.jar;E:\maven\repository\org\springframework\boot\spring-boot-starter-test\2.7.0\spring-boot-starter-test-2.7.0.jar;E:\maven\repository\org\springframework\boot\spring-boot-test\2.7.0\spring-boot-test-2.7.0.jar;E:\maven\repository\org\springframework\boot\spring-boot-test-autoconfigure\2.7.0\spring-boot-test-autoconfigure-2.7.0.jar;E:\maven\repository\com\jayway\jsonpath\json-path\2.7.0\json-path-2.7.0.jar;E:\maven\repository\net\minidev\json-smart\2.4.8\json-smart-2.4.8.jar;E:\maven\repository\net\minidev\accessors-smart\2.4.8\accessors-smart-2.4.8.jar;E:\maven\repository\org\ow2\asm\asm\9.1\asm-9.1.jar;E:\maven\repository\jakarta\xml\bind\jakarta.xml.bind-api\2.3.3\jakarta.xml.bind-api-2.3.3.jar;E:\maven\repository\jakarta\activation\jakarta.activation-api\1.2.2\jakarta.activation-api-1.2.2.jar;E:\maven\repository\org\assertj\assertj-core\3.22.0\assertj-core-3.22.0.jar;E:\maven\repository\org\hamcrest\hamcrest\2.2\hamcrest-2.2.jar;E:\maven\repository\org\junit\jupiter\junit-jupiter\5.8.2\junit-jupiter-5.8.2.jar;E:\maven\repository\org\junit\jupiter\junit-jupiter-api\5.8.2\junit-jupiter-api-5.8.2.jar;E:\maven\repository\org\opentest4j\opentest4j\1.2.0\opentest4j-1.2.0.jar;E:\maven\repository\org\junit\platform\junit-platform-commons\1.8.2\junit-platform-commons-1.8.2.jar;E:\maven\repository\org\apiguardian\apiguardian-api\1.1.2\apiguardian-api-1.1.2.jar;E:\maven\repository\org\junit\jupiter\junit-jupiter-params\5.8.2\junit-jupiter-params-5.8.2.jar;E:\maven\repository\org\junit\jupiter\junit-jupiter-engine\5.8.2\junit-jupiter-engine-5.8.2.jar;E:\maven\repository\org\junit\platform\junit-platform-engine\1.8.2\junit-platform-engine-1.8.2.jar;E:\maven\repository\org\mockito\mockito-core\4.5.1\mockito-core-4.5.1.jar;E:\maven\repository\net\bytebuddy\byte-buddy\1.12.10\byte-buddy-1.12.10.jar;E:\maven\repository\net\bytebuddy\byte-buddy-agent\1.12.10\byte-buddy-agent-1.12.10.jar;E:\maven\repository\org\objenesis\objenesis\3.2\objenesis-3.2.jar;E:\maven\repository\org\mockito\mockito-junit-jupiter\4.5.1\mockito-junit-jupiter-4.5.1.jar;E:\maven\repository\org\skyscreamer\jsonassert\1.5.0\jsonassert-1.5.0.jar;E:\maven\repository\com\vaadin\external\google\android-json\0.0.20131108.vaadin1\android-json-0.0.20131108.vaadin1.jar;E:\maven\repository\org\springframework\spring-core\5.3.20\spring-core-5.3.20.jar;E:\maven\repository\org\springframework\spring-jcl\5.3.20\spring-jcl-5.3.20.jar;E:\maven\repository\org\springframework\spring-test\5.3.20\spring-test-5.3.20.jar;E:\maven\repository\org\xmlunit\xmlunit-core\2.9.0\xmlunit-core-2.9.0.jar;"/>
    <property name="sun.cpu.endian" value="little"/>
    <property name="user.home" value="C:\Users\17527"/>
    <property name="user.language" value="zh"/>
    <property name="java.specification.vendor" value="Oracle Corporation"/>
    <property name="java.home" value="C:\Program Files\Java\jdk1.8.0_181\jre"/>
    <property name="basedir" value="C:\Users\17527\Documents\IdeaProjects\springdemo"/>
    <property name="file.separator" value="\"/>
    <property name="line.separator" value="&#10;"/>
    <property name="java.vm.specification.vendor" value="Oracle Corporation"/>
    <property name="java.specification.name" value="Java Platform API Specification"/>
    <property name="java.awt.graphicsenv" value="sun.awt.Win32GraphicsEnvironment"/>
    <property name="surefire.real.class.path" value="C:\Users\17527\AppData\Local\Temp\surefire3364678393591468989\surefirebooter120367027131314423.jar;E:\\maven\\repository\\org\\jacoco\\org.jacoco.agent\\0.8.9\\org.jacoco.agent-0.8.9-runtime.jar"/>
    <property name="sun.boot.class.path" value="C:\Program Files\Java\jdk1.8.0_181\jre\lib\resources.jar;C:\Program Files\Java\jdk1.8.0_181\jre\lib\rt.jar;C:\Program Files\Java\jdk1.8.0_181\jre\lib\sunrsasign.jar;C:\Program Files\Java\jdk1.8.0_181\jre\lib\jsse.jar;C:\Program Files\Java\jdk1.8.0_181\jre\lib\jce.jar;C:\Program Files\Java\jdk1.8.0_181\jre\lib\charsets.jar;C:\Program Files\Java\jdk1.8.0_181\jre\lib\jfr.jar;C:\Program Files\Java\jdk1.8.0_181\jre\classes"/>
    <property name="user.script" value=""/>
    <property name="sun.management.compiler" value="HotSpot 64-Bit Tiered Compilers"/>
    <property name="java.runtime.version" value="1.8.0_181-b13"/>
    <property name="user.name" value="17527"/>
    <property name="path.separator" value=";"/>
    <property name="os.version" value="10.0"/>
    <property name="java.endorsed.dirs" value="C:\Program Files\Java\jdk1.8.0_181\jre\lib\endorsed"/>
    <property name="java.runtime.name" value="Java(TM) SE Runtime Environment"/>
    <property name="file.encoding" value="GBK"/>
    <property name="java.vm.name" value="Java HotSpot(TM) 64-Bit Server VM"/>
    <property name="localRepository" value="E:\maven\repository"/>
    <property name="java.vendor.url.bug" value="http://bugreport.sun.com/bugreport/"/>
    <property name="java.io.tmpdir" value="C:\Users\17527\AppData\Local\Temp\"/>
    <property name="java.version" value="1.8.0_181"/>
    <property name="user.dir" value="C:\Users\17527\Documents\IdeaProjects\springdemo"/>
    <property name="os.arch" value="amd64"/>
    <property name="java.vm.specification.name" value="Java Virtual Machine Specification"/>
    <property name="java.awt.printerjob" value="sun.awt.windows.WPrinterJob"/>
    <property name="sun.os.patch.level" value=""/>
    <property name="java.library.path" value="C:\Program Files\Java\jdk1.8.0_181\jre\bin;C:\Windows\Sun\Java\bin;C:\Windows\system32;C:\Windows;C:\Program Files\Java\jdk1.8.0_181\bin;C:\Program Files\Common Files\Oracle\Java\javapath;C:\Program Files (x86)\Common Files\Oracle\Java\javapath;C:\Program Files\Java\jdk1.8.0_181\bin;C:\Program Files\Java\jdk1.8.0_181\jre\bin;C:\Windows\system32;C:\Windows;C:\Windows\System32\Wbem;C:\Windows\System32\WindowsPowerShell\v1.0\;C:\Windows\System32\OpenSSH\;C:\Program Files\Java\jdk1.8.0_181;C:\Program Files\MySQL\MySQL Utilities 1.6\;C:\Program Files\Docker\Docker\resources\bin;C:\Program Files\dotnet\;E:\maven\apache-maven-3.3.9\bin;C:\Program Files\Git\cmd;C:\Program Files\Bandizip\;E:\sonar-scanner-4.8.0.2856-windows\bin;%JAVA_HOME\bin;C:\Users\17527\AppData\Local\Microsoft\WindowsApps;E:\maven\apache-maven-3.3.9\bin;C:\Program Files\JetBrains\IntelliJ IDEA 2023.1\bin;C:\Users\17527\.dotnet\tools;C:\texlive\2023\bin\windows;;."/>
    <property name="java.vm.info" value="mixed mode"/>
    <property name="java.vendor" value="Oracle Corporation"/>
    <property name="java.vm.version" value="25.181-b13"/>
    <property name="java.ext.dirs" value="C:\Program Files\Java\jdk1.8.0_181\jre\lib\ext;C:\Windows\Sun\Java\lib\ext"/>
    <property name="sun.io.unicode.encoding" value="UnicodeLittle"/>
    <property name="java.class.version" value="52.0"/>
  </properties>
  <testcase name="shouldReturnUserListWhenQueryUserList" classname="com.example.springdemo.MyTest" time="0.085"/>
  <testcase name="shouldReturnOneWhenModifyProjectInfoSuccessfully" classname="com.example.springdemo.MyTest" time="0.005"/>
  <testcase name="shouldHandleDatabaseExceptionOnDelete" classname="com.example.springdemo.MyTest" time="0.007"/>
  <testcase name="shouldHandleDatabaseExceptionOnModify" classname="com.example.springdemo.MyTest" time="0.004"/>
  <testcase name="shouldReturnThreeWhenAddProjectInfoSuccessfully" classname="com.example.springdemo.MyTest" time="0.216"/>
  <testcase name="shouldReturnOneWhenDeleteProjectByIdSuccessfully" classname="com.example.springdemo.MyTest" time="0.005"/>
  <testcase name="shouldHandleDatabaseException" classname="com.example.springdemo.MyTest" time="0.004"/>
  <testcase name="shouldHandleDatabaseExceptionOnQueryUserList" classname="com.example.springdemo.MyTest" time="0.003"/>
  <testcase name="shouldReturnOneWhenUserModifiedSuccessfully" classname="com.example.springdemo.MyTest" time="0.005"/>
  <testcase name="shouldReturnUserListWhenSelectUserInfo" classname="com.example.springdemo.MyTest" time="0.004"/>
  <testcase name="shouldReturnZeroWhenInsertProject" classname="com.example.springdemo.MyTest" time="0.006"/>
  <testcase name="shouldReturnProjectListWhenQueryProjectList" classname="com.example.springdemo.MyTest" time="0.004"/>
  <testcase name="shouldReturnThreeWhenUserAddedSuccessfully" classname="com.example.springdemo.MyTest" time="0.005"/>
  <testcase name="shouldHandleDatabaseExceptionOnSelectUserInfo" classname="com.example.springdemo.MyTest" time="0.005"/>
  <testcase name="shouldReturnOneWhenUserDeletedSuccessfully" classname="com.example.springdemo.MyTest" time="0.005"/>
</testsuite>